{"/home/mrktptn/atlas-react-testing/mocks.ts": {"path":"/home/mrktptn/atlas-react-testing/mocks.ts","all":false,"statementMap":{"0":{"start":{"line":1,"column":0},"end":{"line":1,"column":39}},"1":{"start":{"line":2,"column":0},"end":{"line":2,"column":41}},"3":{"start":{"line":4,"column":0},"end":{"line":4,"column":25}},"4":{"start":{"line":5,"column":0},"end":{"line":5,"column":11}},"5":{"start":{"line":6,"column":0},"end":{"line":6,"column":42}},"6":{"start":{"line":7,"column":0},"end":{"line":7,"column":11}},"7":{"start":{"line":8,"column":0},"end":{"line":8,"column":32}},"8":{"start":{"line":9,"column":0},"end":{"line":9,"column":9}},"9":{"start":{"line":10,"column":0},"end":{"line":10,"column":16}},"10":{"start":{"line":11,"column":0},"end":{"line":11,"column":31}},"11":{"start":{"line":12,"column":0},"end":{"line":12,"column":81}},"12":{"start":{"line":13,"column":0},"end":{"line":13,"column":10}},"13":{"start":{"line":14,"column":0},"end":{"line":14,"column":9}},"14":{"start":{"line":15,"column":0},"end":{"line":15,"column":16}},"15":{"start":{"line":16,"column":0},"end":{"line":16,"column":31}},"16":{"start":{"line":17,"column":0},"end":{"line":17,"column":81}},"17":{"start":{"line":18,"column":0},"end":{"line":18,"column":9}},"18":{"start":{"line":19,"column":0},"end":{"line":19,"column":9}},"19":{"start":{"line":20,"column":0},"end":{"line":20,"column":5}},"20":{"start":{"line":21,"column":0},"end":{"line":21,"column":4}},"21":{"start":{"line":22,"column":0},"end":{"line":22,"column":2}},"23":{"start":{"line":24,"column":0},"end":{"line":24,"column":47}}},"s":{"0":1,"1":1,"3":1,"4":1,"5":1,"6":1,"7":0,"8":0,"9":0,"10":0,"11":0,"12":0,"13":0,"14":0,"15":0,"16":0,"17":0,"18":0,"19":0,"20":1,"21":1,"23":1},"branchMap":{},"b":{},"fnMap":{},"f":{}}
,"/home/mrktptn/atlas-react-testing/postcss.config.js": {"path":"/home/mrktptn/atlas-react-testing/postcss.config.js","all":true,"statementMap":{"0":{"start":{"line":1,"column":0},"end":{"line":1,"column":16}},"1":{"start":{"line":2,"column":0},"end":{"line":2,"column":12}},"2":{"start":{"line":3,"column":0},"end":{"line":3,"column":20}},"3":{"start":{"line":4,"column":0},"end":{"line":4,"column":21}},"4":{"start":{"line":5,"column":0},"end":{"line":5,"column":4}},"5":{"start":{"line":6,"column":0},"end":{"line":6,"column":1}}},"s":{"0":0,"1":0,"2":0,"3":0,"4":0,"5":0},"branchMap":{"0":{"type":"branch","line":1,"loc":{"start":{"line":1,"column":0},"end":{"line":6,"column":-11}},"locations":[{"start":{"line":1,"column":0},"end":{"line":6,"column":-11}}]}},"b":{"0":[0]},"fnMap":{"0":{"name":"(empty-report)","decl":{"start":{"line":1,"column":0},"end":{"line":6,"column":-11}},"loc":{"start":{"line":1,"column":0},"end":{"line":6,"column":-11}},"line":1}},"f":{"0":0}}
,"/home/mrktptn/atlas-react-testing/tailwind.config.js": {"path":"/home/mrktptn/atlas-react-testing/tailwind.config.js","all":true,"statementMap":{"0":{"start":{"line":1,"column":0},"end":{"line":1,"column":43}},"1":{"start":{"line":2,"column":0},"end":{"line":2,"column":16}},"2":{"start":{"line":3,"column":0},"end":{"line":3,"column":12}},"3":{"start":{"line":4,"column":0},"end":{"line":4,"column":19}},"4":{"start":{"line":5,"column":0},"end":{"line":5,"column":33}},"5":{"start":{"line":6,"column":0},"end":{"line":6,"column":4}},"6":{"start":{"line":7,"column":0},"end":{"line":7,"column":10}},"7":{"start":{"line":8,"column":0},"end":{"line":8,"column":13}},"8":{"start":{"line":9,"column":0},"end":{"line":9,"column":15}},"9":{"start":{"line":10,"column":0},"end":{"line":10,"column":18}},"10":{"start":{"line":11,"column":0},"end":{"line":11,"column":27}},"11":{"start":{"line":12,"column":0},"end":{"line":12,"column":29}},"12":{"start":{"line":13,"column":0},"end":{"line":13,"column":26}},"13":{"start":{"line":14,"column":0},"end":{"line":14,"column":10}},"14":{"start":{"line":15,"column":0},"end":{"line":15,"column":20}},"15":{"start":{"line":16,"column":0},"end":{"line":16,"column":27}},"16":{"start":{"line":17,"column":0},"end":{"line":17,"column":29}},"17":{"start":{"line":18,"column":0},"end":{"line":18,"column":26}},"18":{"start":{"line":19,"column":0},"end":{"line":19,"column":10}},"19":{"start":{"line":20,"column":0},"end":{"line":20,"column":17}},"20":{"start":{"line":21,"column":0},"end":{"line":21,"column":27}},"21":{"start":{"line":22,"column":0},"end":{"line":22,"column":29}},"22":{"start":{"line":23,"column":0},"end":{"line":23,"column":26}},"23":{"start":{"line":24,"column":0},"end":{"line":24,"column":28}},"24":{"start":{"line":25,"column":0},"end":{"line":25,"column":10}},"25":{"start":{"line":26,"column":0},"end":{"line":26,"column":8}},"26":{"start":{"line":27,"column":0},"end":{"line":27,"column":6}},"27":{"start":{"line":28,"column":0},"end":{"line":28,"column":4}},"28":{"start":{"line":29,"column":0},"end":{"line":29,"column":14}},"29":{"start":{"line":30,"column":0},"end":{"line":30,"column":1}}},"s":{"0":0,"1":0,"2":0,"3":0,"4":0,"5":0,"6":0,"7":0,"8":0,"9":0,"10":0,"11":0,"12":0,"13":0,"14":0,"15":0,"16":0,"17":0,"18":0,"19":0,"20":0,"21":0,"22":0,"23":0,"24":0,"25":0,"26":0,"27":0,"28":0,"29":0},"branchMap":{"0":{"type":"branch","line":1,"loc":{"start":{"line":1,"column":0},"end":{"line":30,"column":-13}},"locations":[{"start":{"line":1,"column":0},"end":{"line":30,"column":-13}}]}},"b":{"0":[0]},"fnMap":{"0":{"name":"(empty-report)","decl":{"start":{"line":1,"column":0},"end":{"line":30,"column":-13}},"loc":{"start":{"line":1,"column":0},"end":{"line":30,"column":-13}},"line":1}},"f":{"0":0}}
,"/home/mrktptn/atlas-react-testing/src/App.tsx": {"path":"/home/mrktptn/atlas-react-testing/src/App.tsx","all":true,"statementMap":{"0":{"start":{"line":1,"column":0},"end":{"line":1,"column":41}},"1":{"start":{"line":2,"column":0},"end":{"line":2,"column":40}},"3":{"start":{"line":4,"column":0},"end":{"line":4,"column":16}},"4":{"start":{"line":5,"column":0},"end":{"line":5,"column":10}},"5":{"start":{"line":6,"column":0},"end":{"line":6,"column":75}},"6":{"start":{"line":7,"column":0},"end":{"line":7,"column":11}},"7":{"start":{"line":8,"column":0},"end":{"line":8,"column":23}},"8":{"start":{"line":9,"column":0},"end":{"line":9,"column":12}},"9":{"start":{"line":10,"column":0},"end":{"line":10,"column":16}},"10":{"start":{"line":11,"column":0},"end":{"line":11,"column":10}},"12":{"start":{"line":13,"column":0},"end":{"line":13,"column":1}},"14":{"start":{"line":15,"column":0},"end":{"line":15,"column":19}}},"s":{"0":0,"1":0,"3":0,"4":0,"5":0,"6":0,"7":0,"8":0,"9":0,"10":0,"12":0,"14":0},"branchMap":{"0":{"type":"branch","line":1,"loc":{"start":{"line":1,"column":292},"end":{"line":15,"column":19}},"locations":[{"start":{"line":1,"column":292},"end":{"line":15,"column":19}}]}},"b":{"0":[0]},"fnMap":{"0":{"name":"(empty-report)","decl":{"start":{"line":1,"column":292},"end":{"line":15,"column":19}},"loc":{"start":{"line":1,"column":292},"end":{"line":15,"column":19}},"line":1}},"f":{"0":0}}
,"/home/mrktptn/atlas-react-testing/src/MusicPlayer.tsx": {"path":"/home/mrktptn/atlas-react-testing/src/MusicPlayer.tsx","all":false,"statementMap":{"0":{"start":{"line":1,"column":0},"end":{"line":1,"column":40}},"1":{"start":{"line":2,"column":0},"end":{"line":2,"column":61}},"2":{"start":{"line":3,"column":0},"end":{"line":3,"column":45}},"3":{"start":{"line":4,"column":0},"end":{"line":4,"column":58}},"14":{"start":{"line":15,"column":0},"end":{"line":15,"column":39}},"15":{"start":{"line":16,"column":0},"end":{"line":16,"column":74}},"16":{"start":{"line":17,"column":0},"end":{"line":17,"column":76}},"17":{"start":{"line":18,"column":0},"end":{"line":18,"column":70}},"18":{"start":{"line":19,"column":0},"end":{"line":19,"column":63}},"19":{"start":{"line":20,"column":0},"end":{"line":20,"column":63}},"22":{"start":{"line":23,"column":0},"end":{"line":23,"column":44}},"23":{"start":{"line":24,"column":0},"end":{"line":24,"column":32}},"24":{"start":{"line":25,"column":0},"end":{"line":25,"column":27}},"25":{"start":{"line":26,"column":0},"end":{"line":26,"column":24}},"26":{"start":{"line":27,"column":0},"end":{"line":27,"column":3}},"28":{"start":{"line":29,"column":0},"end":{"line":29,"column":32}},"29":{"start":{"line":30,"column":0},"end":{"line":30,"column":21}},"30":{"start":{"line":31,"column":0},"end":{"line":31,"column":26}},"31":{"start":{"line":32,"column":0},"end":{"line":32,"column":12}},"32":{"start":{"line":33,"column":0},"end":{"line":33,"column":51}},"33":{"start":{"line":34,"column":0},"end":{"line":34,"column":47}},"34":{"start":{"line":35,"column":0},"end":{"line":35,"column":44}},"35":{"start":{"line":36,"column":0},"end":{"line":36,"column":39}},"36":{"start":{"line":37,"column":0},"end":{"line":37,"column":7}},"37":{"start":{"line":38,"column":0},"end":{"line":38,"column":5}},"38":{"start":{"line":39,"column":0},"end":{"line":39,"column":4}},"41":{"start":{"line":42,"column":0},"end":{"line":42,"column":32}},"42":{"start":{"line":43,"column":0},"end":{"line":43,"column":21}},"43":{"start":{"line":44,"column":0},"end":{"line":44,"column":35}},"45":{"start":{"line":46,"column":0},"end":{"line":46,"column":48}},"46":{"start":{"line":47,"column":0},"end":{"line":47,"column":56}},"47":{"start":{"line":48,"column":0},"end":{"line":48,"column":97}},"49":{"start":{"line":50,"column":0},"end":{"line":50,"column":61}},"50":{"start":{"line":51,"column":0},"end":{"line":51,"column":48}},"51":{"start":{"line":52,"column":0},"end":{"line":52,"column":43}},"52":{"start":{"line":53,"column":0},"end":{"line":53,"column":7}},"53":{"start":{"line":54,"column":0},"end":{"line":54,"column":12}},"54":{"start":{"line":55,"column":0},"end":{"line":55,"column":33}},"55":{"start":{"line":56,"column":0},"end":{"line":56,"column":47}},"56":{"start":{"line":57,"column":0},"end":{"line":57,"column":44}},"57":{"start":{"line":58,"column":0},"end":{"line":58,"column":39}},"58":{"start":{"line":59,"column":0},"end":{"line":59,"column":7}},"59":{"start":{"line":60,"column":0},"end":{"line":60,"column":5}},"60":{"start":{"line":61,"column":0},"end":{"line":61,"column":4}},"62":{"start":{"line":63,"column":0},"end":{"line":63,"column":35}},"63":{"start":{"line":64,"column":0},"end":{"line":64,"column":42}},"65":{"start":{"line":66,"column":0},"end":{"line":66,"column":52}},"67":{"start":{"line":68,"column":0},"end":{"line":68,"column":26}},"68":{"start":{"line":69,"column":0},"end":{"line":69,"column":5}},"70":{"start":{"line":71,"column":0},"end":{"line":71,"column":35}},"71":{"start":{"line":72,"column":0},"end":{"line":72,"column":51}},"72":{"start":{"line":73,"column":0},"end":{"line":73,"column":91}},"74":{"start":{"line":75,"column":0},"end":{"line":75,"column":90}},"75":{"start":{"line":76,"column":0},"end":{"line":76,"column":72}},"77":{"start":{"line":78,"column":0},"end":{"line":78,"column":64}},"78":{"start":{"line":79,"column":0},"end":{"line":79,"column":42}},"79":{"start":{"line":80,"column":0},"end":{"line":80,"column":37}},"80":{"start":{"line":81,"column":0},"end":{"line":81,"column":4}},"82":{"start":{"line":83,"column":0},"end":{"line":83,"column":56}},"83":{"start":{"line":84,"column":0},"end":{"line":84,"column":30}},"84":{"start":{"line":85,"column":0},"end":{"line":85,"column":4}},"86":{"start":{"line":87,"column":0},"end":{"line":87,"column":66}},"87":{"start":{"line":88,"column":0},"end":{"line":88,"column":25}},"88":{"start":{"line":89,"column":0},"end":{"line":89,"column":31}},"89":{"start":{"line":90,"column":0},"end":{"line":90,"column":53}},"90":{"start":{"line":91,"column":0},"end":{"line":91,"column":102}},"91":{"start":{"line":92,"column":0},"end":{"line":92,"column":5}},"92":{"start":{"line":93,"column":0},"end":{"line":93,"column":4}},"94":{"start":{"line":95,"column":0},"end":{"line":95,"column":63}},"95":{"start":{"line":96,"column":0},"end":{"line":96,"column":108}},"97":{"start":{"line":98,"column":0},"end":{"line":98,"column":10}},"98":{"start":{"line":99,"column":0},"end":{"line":99,"column":86}},"99":{"start":{"line":100,"column":0},"end":{"line":100,"column":16}},"100":{"start":{"line":101,"column":0},"end":{"line":101,"column":84}},"102":{"start":{"line":103,"column":0},"end":{"line":103,"column":8}},"103":{"start":{"line":104,"column":0},"end":{"line":104,"column":25}},"104":{"start":{"line":105,"column":0},"end":{"line":105,"column":35}},"105":{"start":{"line":106,"column":0},"end":{"line":106,"column":37}},"106":{"start":{"line":107,"column":0},"end":{"line":107,"column":37}},"107":{"start":{"line":108,"column":0},"end":{"line":108,"column":41}},"108":{"start":{"line":109,"column":0},"end":{"line":109,"column":41}},"109":{"start":{"line":110,"column":0},"end":{"line":110,"column":47}},"110":{"start":{"line":111,"column":0},"end":{"line":111,"column":10}},"111":{"start":{"line":112,"column":0},"end":{"line":112,"column":17}},"112":{"start":{"line":113,"column":0},"end":{"line":113,"column":29}},"113":{"start":{"line":114,"column":0},"end":{"line":114,"column":35}},"114":{"start":{"line":115,"column":0},"end":{"line":115,"column":43}},"115":{"start":{"line":116,"column":0},"end":{"line":116,"column":10}},"116":{"start":{"line":117,"column":0},"end":{"line":117,"column":9}},"118":{"start":{"line":119,"column":0},"end":{"line":119,"column":8}},"120":{"start":{"line":121,"column":0},"end":{"line":121,"column":1}}},"s":{"0":1,"1":1,"2":1,"3":1,"14":15,"15":15,"16":15,"17":15,"18":15,"19":15,"22":15,"23":5,"24":5,"25":5,"26":5,"28":14,"29":3,"30":0,"31":3,"32":3,"33":3,"34":3,"35":3,"36":3,"37":3,"38":3,"41":14,"42":1,"43":0,"45":0,"46":0,"47":0,"49":0,"50":0,"51":0,"52":0,"53":1,"54":1,"55":1,"56":1,"57":1,"58":1,"59":1,"60":1,"62":14,"63":0,"65":0,"67":0,"68":0,"70":0,"71":0,"72":0,"74":0,"75":0,"77":0,"78":0,"79":0,"80":0,"82":14,"83":1,"84":1,"86":14,"87":0,"88":0,"89":0,"90":0,"91":0,"92":0,"94":15,"95":15,"97":15,"98":15,"99":15,"100":2,"102":12,"103":12,"104":12,"105":12,"106":12,"107":12,"108":12,"109":12,"110":12,"111":12,"112":12,"113":12,"114":12,"115":12,"116":12,"118":15,"120":15},"branchMap":{"0":{"type":"branch","line":15,"loc":{"start":{"line":15,"column":0},"end":{"line":121,"column":1}},"locations":[{"start":{"line":15,"column":0},"end":{"line":121,"column":1}}]},"1":{"type":"branch","line":23,"loc":{"start":{"line":23,"column":7},"end":{"line":23,"column":43}},"locations":[{"start":{"line":23,"column":7},"end":{"line":23,"column":43}}]},"2":{"type":"branch","line":23,"loc":{"start":{"line":23,"column":43},"end":{"line":27,"column":3}},"locations":[{"start":{"line":23,"column":43},"end":{"line":27,"column":3}}]},"3":{"type":"branch","line":27,"loc":{"start":{"line":27,"column":2},"end":{"line":95,"column":51}},"locations":[{"start":{"line":27,"column":2},"end":{"line":95,"column":51}}]},"4":{"type":"branch","line":95,"loc":{"start":{"line":95,"column":46},"end":{"line":95,"column":63}},"locations":[{"start":{"line":95,"column":46},"end":{"line":95,"column":63}}]},"5":{"type":"branch","line":96,"loc":{"start":{"line":96,"column":65},"end":{"line":96,"column":86}},"locations":[{"start":{"line":96,"column":65},"end":{"line":96,"column":86}}]},"6":{"type":"branch","line":96,"loc":{"start":{"line":96,"column":71},"end":{"line":96,"column":108}},"locations":[{"start":{"line":96,"column":71},"end":{"line":96,"column":108}}]},"7":{"type":"branch","line":100,"loc":{"start":{"line":100,"column":5},"end":{"line":101,"column":84}},"locations":[{"start":{"line":100,"column":5},"end":{"line":101,"column":84}}]},"8":{"type":"branch","line":101,"loc":{"start":{"line":101,"column":49},"end":{"line":117,"column":9}},"locations":[{"start":{"line":101,"column":49},"end":{"line":117,"column":9}}]},"9":{"type":"branch","line":29,"loc":{"start":{"line":29,"column":25},"end":{"line":39,"column":4}},"locations":[{"start":{"line":29,"column":25},"end":{"line":39,"column":4}}]},"10":{"type":"branch","line":30,"loc":{"start":{"line":30,"column":20},"end":{"line":32,"column":11}},"locations":[{"start":{"line":30,"column":20},"end":{"line":32,"column":11}}]},"11":{"type":"branch","line":42,"loc":{"start":{"line":42,"column":25},"end":{"line":61,"column":4}},"locations":[{"start":{"line":42,"column":25},"end":{"line":61,"column":4}}]},"12":{"type":"branch","line":43,"loc":{"start":{"line":43,"column":20},"end":{"line":54,"column":11}},"locations":[{"start":{"line":43,"column":20},"end":{"line":54,"column":11}}]},"13":{"type":"branch","line":83,"loc":{"start":{"line":83,"column":30},"end":{"line":85,"column":4}},"locations":[{"start":{"line":83,"column":30},"end":{"line":85,"column":4}}]}},"b":{"0":[15],"1":[5],"2":[5],"3":[14],"4":[11],"5":[0],"6":[14],"7":[2],"8":[12],"9":[3],"10":[0],"11":[1],"12":[0],"13":[1]},"fnMap":{"0":{"name":"MusicPlayer","decl":{"start":{"line":15,"column":0},"end":{"line":121,"column":1}},"loc":{"start":{"line":15,"column":0},"end":{"line":121,"column":1}},"line":15},"1":{"name":"handleNextSong","decl":{"start":{"line":29,"column":25},"end":{"line":39,"column":4}},"loc":{"start":{"line":29,"column":25},"end":{"line":39,"column":4}},"line":29},"2":{"name":"handlePrevSong","decl":{"start":{"line":42,"column":25},"end":{"line":61,"column":4}},"loc":{"start":{"line":42,"column":25},"end":{"line":61,"column":4}},"line":42},"3":{"name":"handleShuffleNext","decl":{"start":{"line":63,"column":28},"end":{"line":81,"column":4}},"loc":{"start":{"line":63,"column":28},"end":{"line":81,"column":4}},"line":63},"4":{"name":"handleShuffleToggle","decl":{"start":{"line":83,"column":30},"end":{"line":85,"column":4}},"loc":{"start":{"line":83,"column":30},"end":{"line":85,"column":4}},"line":83},"5":{"name":"handleSongClick","decl":{"start":{"line":87,"column":26},"end":{"line":93,"column":4}},"loc":{"start":{"line":87,"column":26},"end":{"line":93,"column":4}},"line":87}},"f":{"0":15,"1":3,"2":1,"3":0,"4":1,"5":0}}
,"/home/mrktptn/atlas-react-testing/src/main.tsx": {"path":"/home/mrktptn/atlas-react-testing/src/main.tsx","all":true,"statementMap":{"0":{"start":{"line":1,"column":0},"end":{"line":1,"column":26}},"1":{"start":{"line":2,"column":0},"end":{"line":2,"column":40}},"2":{"start":{"line":3,"column":0},"end":{"line":3,"column":24}},"3":{"start":{"line":4,"column":0},"end":{"line":4,"column":21}},"5":{"start":{"line":6,"column":0},"end":{"line":6,"column":52}},"7":{"start":{"line":8,"column":0},"end":{"line":8,"column":18}},"8":{"start":{"line":9,"column":0},"end":{"line":9,"column":42}},"9":{"start":{"line":10,"column":0},"end":{"line":10,"column":22}},"10":{"start":{"line":11,"column":0},"end":{"line":11,"column":13}},"11":{"start":{"line":12,"column":0},"end":{"line":12,"column":23}},"12":{"start":{"line":13,"column":0},"end":{"line":13,"column":4}},"13":{"start":{"line":14,"column":0},"end":{"line":14,"column":8}},"14":{"start":{"line":15,"column":0},"end":{"line":15,"column":43}},"15":{"start":{"line":16,"column":0},"end":{"line":16,"column":1}}},"s":{"0":0,"1":0,"2":0,"3":0,"5":0,"7":0,"8":0,"9":0,"10":0,"11":0,"12":0,"13":0,"14":0,"15":0},"branchMap":{"0":{"type":"branch","line":1,"loc":{"start":{"line":1,"column":352},"end":{"line":16,"column":1}},"locations":[{"start":{"line":1,"column":352},"end":{"line":16,"column":1}}]}},"b":{"0":[0]},"fnMap":{"0":{"name":"(empty-report)","decl":{"start":{"line":1,"column":352},"end":{"line":16,"column":1}},"loc":{"start":{"line":1,"column":352},"end":{"line":16,"column":1}},"line":1}},"f":{"0":0}}
,"/home/mrktptn/atlas-react-testing/src/components/CoverArt.tsx": {"path":"/home/mrktptn/atlas-react-testing/src/components/CoverArt.tsx","all":false,"statementMap":{"0":{"start":{"line":1,"column":0},"end":{"line":1,"column":25}},"7":{"start":{"line":8,"column":0},"end":{"line":8,"column":50}},"8":{"start":{"line":9,"column":0},"end":{"line":9,"column":10}},"9":{"start":{"line":10,"column":0},"end":{"line":10,"column":9}},"10":{"start":{"line":11,"column":0},"end":{"line":11,"column":84}},"11":{"start":{"line":12,"column":0},"end":{"line":12,"column":10}},"13":{"start":{"line":14,"column":0},"end":{"line":14,"column":1}},"15":{"start":{"line":16,"column":0},"end":{"line":16,"column":24}}},"s":{"0":1,"7":9,"8":9,"9":9,"10":9,"11":9,"13":9,"15":1},"branchMap":{"0":{"type":"branch","line":8,"loc":{"start":{"line":8,"column":0},"end":{"line":14,"column":1}},"locations":[{"start":{"line":8,"column":0},"end":{"line":14,"column":1}}]}},"b":{"0":[9]},"fnMap":{"0":{"name":"CoverArt","decl":{"start":{"line":8,"column":0},"end":{"line":14,"column":1}},"loc":{"start":{"line":8,"column":0},"end":{"line":14,"column":1}},"line":8}},"f":{"0":9}}
,"/home/mrktptn/atlas-react-testing/src/components/CurrentlyPlaying.tsx": {"path":"/home/mrktptn/atlas-react-testing/src/components/CurrentlyPlaying.tsx","all":false,"statementMap":{"0":{"start":{"line":1,"column":0},"end":{"line":1,"column":25}},"1":{"start":{"line":2,"column":0},"end":{"line":2,"column":33}},"2":{"start":{"line":3,"column":0},"end":{"line":3,"column":35}},"3":{"start":{"line":4,"column":0},"end":{"line":4,"column":41}},"4":{"start":{"line":5,"column":0},"end":{"line":5,"column":43}},"22":{"start":{"line":23,"column":0},"end":{"line":23,"column":140}},"23":{"start":{"line":24,"column":0},"end":{"line":24,"column":21}},"24":{"start":{"line":25,"column":0},"end":{"line":25,"column":33}},"25":{"start":{"line":26,"column":0},"end":{"line":26,"column":3}},"27":{"start":{"line":28,"column":0},"end":{"line":28,"column":10}},"28":{"start":{"line":29,"column":0},"end":{"line":29,"column":64}},"29":{"start":{"line":30,"column":0},"end":{"line":30,"column":69}},"30":{"start":{"line":31,"column":0},"end":{"line":31,"column":72}},"31":{"start":{"line":32,"column":0},"end":{"line":32,"column":19}},"32":{"start":{"line":33,"column":0},"end":{"line":33,"column":31}},"33":{"start":{"line":34,"column":0},"end":{"line":34,"column":31}},"34":{"start":{"line":35,"column":0},"end":{"line":35,"column":39}},"35":{"start":{"line":36,"column":0},"end":{"line":36,"column":39}},"36":{"start":{"line":37,"column":0},"end":{"line":37,"column":41}},"37":{"start":{"line":38,"column":0},"end":{"line":38,"column":8}},"38":{"start":{"line":39,"column":0},"end":{"line":39,"column":22}},"39":{"start":{"line":40,"column":0},"end":{"line":40,"column":10}},"41":{"start":{"line":42,"column":0},"end":{"line":42,"column":1}},"43":{"start":{"line":44,"column":0},"end":{"line":44,"column":31}}},"s":{"0":1,"1":1,"2":1,"3":1,"4":1,"22":9,"23":9,"24":0,"25":0,"27":8,"28":8,"29":8,"30":8,"31":8,"32":8,"33":8,"34":8,"35":8,"36":8,"37":8,"38":8,"39":8,"41":8,"43":1},"branchMap":{"0":{"type":"branch","line":23,"loc":{"start":{"line":23,"column":0},"end":{"line":42,"column":1}},"locations":[{"start":{"line":23,"column":0},"end":{"line":42,"column":1}}]},"1":{"type":"branch","line":24,"loc":{"start":{"line":24,"column":20},"end":{"line":26,"column":3}},"locations":[{"start":{"line":24,"column":20},"end":{"line":26,"column":3}}]},"2":{"type":"branch","line":26,"loc":{"start":{"line":26,"column":2},"end":{"line":42,"column":1}},"locations":[{"start":{"line":26,"column":2},"end":{"line":42,"column":1}}]}},"b":{"0":[9],"1":[0],"2":[8]},"fnMap":{"0":{"name":"CurrentlyPlaying","decl":{"start":{"line":23,"column":0},"end":{"line":42,"column":1}},"loc":{"start":{"line":23,"column":0},"end":{"line":42,"column":1}},"line":23}},"f":{"0":9}}
,"/home/mrktptn/atlas-react-testing/src/components/Footer.tsx": {"path":"/home/mrktptn/atlas-react-testing/src/components/Footer.tsx","all":true,"statementMap":{"0":{"start":{"line":1,"column":0},"end":{"line":1,"column":34}},"1":{"start":{"line":2,"column":0},"end":{"line":2,"column":40}},"2":{"start":{"line":3,"column":0},"end":{"line":3,"column":75}},"3":{"start":{"line":4,"column":0},"end":{"line":4,"column":1}}},"s":{"0":0,"1":0,"2":0,"3":0},"branchMap":{"0":{"type":"branch","line":1,"loc":{"start":{"line":1,"column":0},"end":{"line":4,"column":-98}},"locations":[{"start":{"line":1,"column":0},"end":{"line":4,"column":-98}}]}},"b":{"0":[0]},"fnMap":{"0":{"name":"(empty-report)","decl":{"start":{"line":1,"column":0},"end":{"line":4,"column":-98}},"loc":{"start":{"line":1,"column":0},"end":{"line":4,"column":-98}},"line":1}},"f":{"0":0}}
,"/home/mrktptn/atlas-react-testing/src/components/PlayControls.tsx": {"path":"/home/mrktptn/atlas-react-testing/src/components/PlayControls.tsx","all":false,"statementMap":{"0":{"start":{"line":1,"column":0},"end":{"line":1,"column":37}},"10":{"start":{"line":11,"column":0},"end":{"line":11,"column":122}},"11":{"start":{"line":12,"column":0},"end":{"line":12,"column":63}},"12":{"start":{"line":13,"column":0},"end":{"line":13,"column":51}},"13":{"start":{"line":14,"column":0},"end":{"line":14,"column":63}},"15":{"start":{"line":16,"column":0},"end":{"line":16,"column":28}},"16":{"start":{"line":17,"column":0},"end":{"line":17,"column":29}},"17":{"start":{"line":18,"column":0},"end":{"line":18,"column":26}},"18":{"start":{"line":19,"column":0},"end":{"line":19,"column":18}},"19":{"start":{"line":20,"column":0},"end":{"line":20,"column":22}},"20":{"start":{"line":21,"column":0},"end":{"line":21,"column":18}},"21":{"start":{"line":22,"column":0},"end":{"line":22,"column":22}},"22":{"start":{"line":23,"column":0},"end":{"line":23,"column":18}},"23":{"start":{"line":24,"column":0},"end":{"line":24,"column":22}},"24":{"start":{"line":25,"column":0},"end":{"line":25,"column":7}},"25":{"start":{"line":26,"column":0},"end":{"line":26,"column":7}},"26":{"start":{"line":27,"column":0},"end":{"line":27,"column":4}},"28":{"start":{"line":29,"column":0},"end":{"line":29,"column":27}},"29":{"start":{"line":30,"column":0},"end":{"line":30,"column":39}},"30":{"start":{"line":31,"column":0},"end":{"line":31,"column":4}},"32":{"start":{"line":33,"column":0},"end":{"line":33,"column":30}},"33":{"start":{"line":34,"column":0},"end":{"line":34,"column":40}},"34":{"start":{"line":35,"column":0},"end":{"line":35,"column":35}},"35":{"start":{"line":36,"column":0},"end":{"line":36,"column":37}},"36":{"start":{"line":37,"column":0},"end":{"line":37,"column":4}},"38":{"start":{"line":39,"column":0},"end":{"line":39,"column":10}},"39":{"start":{"line":40,"column":0},"end":{"line":40,"column":59}},"40":{"start":{"line":41,"column":0},"end":{"line":41,"column":51}},"41":{"start":{"line":42,"column":0},"end":{"line":42,"column":151}},"42":{"start":{"line":43,"column":0},"end":{"line":43,"column":107}},"43":{"start":{"line":44,"column":0},"end":{"line":44,"column":254}},"44":{"start":{"line":45,"column":0},"end":{"line":45,"column":14}},"45":{"start":{"line":46,"column":0},"end":{"line":46,"column":15}},"46":{"start":{"line":47,"column":0},"end":{"line":47,"column":62}},"47":{"start":{"line":48,"column":0},"end":{"line":48,"column":17}},"48":{"start":{"line":49,"column":0},"end":{"line":49,"column":141}},"49":{"start":{"line":50,"column":0},"end":{"line":50,"column":101}},"50":{"start":{"line":51,"column":0},"end":{"line":51,"column":16}},"52":{"start":{"line":53,"column":0},"end":{"line":53,"column":109}},"53":{"start":{"line":54,"column":0},"end":{"line":54,"column":197}},"54":{"start":{"line":55,"column":0},"end":{"line":55,"column":16}},"56":{"start":{"line":57,"column":0},"end":{"line":57,"column":15}},"57":{"start":{"line":58,"column":0},"end":{"line":58,"column":147}},"58":{"start":{"line":59,"column":0},"end":{"line":59,"column":107}},"59":{"start":{"line":60,"column":0},"end":{"line":60,"column":251}},"60":{"start":{"line":61,"column":0},"end":{"line":61,"column":14}},"61":{"start":{"line":62,"column":0},"end":{"line":62,"column":15}},"62":{"start":{"line":63,"column":0},"end":{"line":63,"column":126}},"63":{"start":{"line":64,"column":0},"end":{"line":64,"column":195}},"64":{"start":{"line":65,"column":0},"end":{"line":65,"column":395}},"65":{"start":{"line":66,"column":0},"end":{"line":66,"column":14}},"66":{"start":{"line":67,"column":0},"end":{"line":67,"column":15}},"67":{"start":{"line":68,"column":0},"end":{"line":68,"column":10}},"69":{"start":{"line":70,"column":0},"end":{"line":70,"column":1}},"71":{"start":{"line":72,"column":0},"end":{"line":72,"column":27}}},"s":{"0":1,"10":1,"11":9,"12":9,"13":9,"15":9,"16":0,"17":0,"18":0,"19":0,"20":0,"21":0,"22":0,"23":0,"24":0,"25":0,"26":0,"28":9,"29":0,"30":0,"32":9,"33":1,"34":1,"35":1,"36":1,"38":9,"39":9,"40":9,"41":9,"42":9,"43":9,"44":9,"45":9,"46":9,"47":9,"48":0,"49":0,"50":0,"52":8,"53":8,"54":8,"56":9,"57":9,"58":9,"59":9,"60":9,"61":9,"62":9,"63":9,"64":9,"65":9,"66":9,"67":9,"69":9,"71":1},"branchMap":{"0":{"type":"branch","line":11,"loc":{"start":{"line":11,"column":21},"end":{"line":70,"column":1}},"locations":[{"start":{"line":11,"column":21},"end":{"line":70,"column":1}}]},"1":{"type":"branch","line":42,"loc":{"start":{"line":42,"column":97},"end":{"line":42,"column":133}},"locations":[{"start":{"line":42,"column":97},"end":{"line":42,"column":133}}]},"2":{"type":"branch","line":42,"loc":{"start":{"line":42,"column":114},"end":{"line":42,"column":147}},"locations":[{"start":{"line":42,"column":114},"end":{"line":42,"column":147}}]},"3":{"type":"branch","line":48,"loc":{"start":{"line":48,"column":9},"end":{"line":51,"column":16}},"locations":[{"start":{"line":48,"column":9},"end":{"line":51,"column":16}}]},"4":{"type":"branch","line":51,"loc":{"start":{"line":51,"column":10},"end":{"line":55,"column":16}},"locations":[{"start":{"line":51,"column":10},"end":{"line":55,"column":16}}]},"5":{"type":"branch","line":58,"loc":{"start":{"line":58,"column":93},"end":{"line":58,"column":129}},"locations":[{"start":{"line":58,"column":93},"end":{"line":58,"column":129}}]},"6":{"type":"branch","line":58,"loc":{"start":{"line":58,"column":110},"end":{"line":58,"column":143}},"locations":[{"start":{"line":58,"column":110},"end":{"line":58,"column":143}}]},"7":{"type":"branch","line":63,"loc":{"start":{"line":63,"column":72},"end":{"line":63,"column":108}},"locations":[{"start":{"line":63,"column":72},"end":{"line":63,"column":108}}]},"8":{"type":"branch","line":63,"loc":{"start":{"line":63,"column":85},"end":{"line":63,"column":122}},"locations":[{"start":{"line":63,"column":85},"end":{"line":63,"column":122}}]},"9":{"type":"branch","line":64,"loc":{"start":{"line":64,"column":141},"end":{"line":64,"column":177}},"locations":[{"start":{"line":64,"column":141},"end":{"line":64,"column":177}}]},"10":{"type":"branch","line":64,"loc":{"start":{"line":64,"column":154},"end":{"line":64,"column":191}},"locations":[{"start":{"line":64,"column":154},"end":{"line":64,"column":191}}]},"11":{"type":"branch","line":33,"loc":{"start":{"line":33,"column":23},"end":{"line":37,"column":4}},"locations":[{"start":{"line":33,"column":23},"end":{"line":37,"column":4}}]}},"b":{"0":[9],"1":[5],"2":[3],"3":[0],"4":[8],"5":[0],"6":[8],"7":[1],"8":[7],"9":[1],"10":[7],"11":[1]},"fnMap":{"0":{"name":"PlayControls","decl":{"start":{"line":11,"column":21},"end":{"line":70,"column":1}},"loc":{"start":{"line":11,"column":21},"end":{"line":70,"column":1}},"line":11},"1":{"name":"speedClick","decl":{"start":{"line":16,"column":21},"end":{"line":27,"column":4}},"loc":{"start":{"line":16,"column":21},"end":{"line":27,"column":4}},"line":16},"2":{"name":"playClick","decl":{"start":{"line":29,"column":20},"end":{"line":31,"column":4}},"loc":{"start":{"line":29,"column":20},"end":{"line":31,"column":4}},"line":29},"3":{"name":"shuffleClick","decl":{"start":{"line":33,"column":23},"end":{"line":37,"column":4}},"loc":{"start":{"line":33,"column":23},"end":{"line":37,"column":4}},"line":33}},"f":{"0":9,"1":0,"2":0,"3":1}}
,"/home/mrktptn/atlas-react-testing/src/components/PlayListItem.tsx": {"path":"/home/mrktptn/atlas-react-testing/src/components/PlayListItem.tsx","all":false,"statementMap":{"0":{"start":{"line":1,"column":0},"end":{"line":1,"column":25}},"10":{"start":{"line":11,"column":0},"end":{"line":11,"column":84}},"11":{"start":{"line":12,"column":0},"end":{"line":12,"column":10}},"12":{"start":{"line":13,"column":0},"end":{"line":13,"column":104}},"13":{"start":{"line":14,"column":0},"end":{"line":14,"column":11}},"14":{"start":{"line":15,"column":0},"end":{"line":15,"column":58}},"15":{"start":{"line":16,"column":0},"end":{"line":16,"column":62}},"16":{"start":{"line":17,"column":0},"end":{"line":17,"column":12}},"17":{"start":{"line":18,"column":0},"end":{"line":18,"column":58}},"19":{"start":{"line":20,"column":0},"end":{"line":20,"column":10}},"21":{"start":{"line":22,"column":0},"end":{"line":22,"column":1}},"23":{"start":{"line":24,"column":0},"end":{"line":24,"column":27}}},"s":{"0":1,"10":49,"11":49,"12":49,"13":49,"14":49,"15":49,"16":49,"17":49,"19":49,"21":49,"23":1},"branchMap":{"0":{"type":"branch","line":11,"loc":{"start":{"line":11,"column":0},"end":{"line":22,"column":1}},"locations":[{"start":{"line":11,"column":0},"end":{"line":22,"column":1}}]}},"b":{"0":[49]},"fnMap":{"0":{"name":"PlayListItem","decl":{"start":{"line":11,"column":0},"end":{"line":22,"column":1}},"loc":{"start":{"line":11,"column":0},"end":{"line":22,"column":1}},"line":11}},"f":{"0":49}}
,"/home/mrktptn/atlas-react-testing/src/components/Playlist.tsx": {"path":"/home/mrktptn/atlas-react-testing/src/components/Playlist.tsx","all":false,"statementMap":{"0":{"start":{"line":1,"column":0},"end":{"line":1,"column":25}},"1":{"start":{"line":2,"column":0},"end":{"line":2,"column":41}},"18":{"start":{"line":19,"column":0},"end":{"line":19,"column":76}},"19":{"start":{"line":20,"column":0},"end":{"line":20,"column":10}},"20":{"start":{"line":21,"column":0},"end":{"line":21,"column":34}},"21":{"start":{"line":22,"column":0},"end":{"line":22,"column":60}},"22":{"start":{"line":23,"column":0},"end":{"line":23,"column":38}},"23":{"start":{"line":24,"column":0},"end":{"line":24,"column":21}},"24":{"start":{"line":25,"column":0},"end":{"line":25,"column":23}},"25":{"start":{"line":26,"column":0},"end":{"line":26,"column":27}},"26":{"start":{"line":27,"column":0},"end":{"line":27,"column":30}},"27":{"start":{"line":28,"column":0},"end":{"line":28,"column":30}},"28":{"start":{"line":29,"column":0},"end":{"line":29,"column":89}},"29":{"start":{"line":30,"column":0},"end":{"line":30,"column":54}},"30":{"start":{"line":31,"column":0},"end":{"line":31,"column":12}},"31":{"start":{"line":32,"column":0},"end":{"line":32,"column":9}},"32":{"start":{"line":33,"column":0},"end":{"line":33,"column":10}},"34":{"start":{"line":35,"column":0},"end":{"line":35,"column":1}},"36":{"start":{"line":37,"column":0},"end":{"line":37,"column":23}}},"s":{"0":1,"1":1,"18":8,"19":8,"20":8,"21":8,"22":8,"23":48,"24":48,"25":48,"26":48,"27":48,"28":48,"29":48,"30":48,"31":8,"32":8,"34":8,"36":1},"branchMap":{"0":{"type":"branch","line":19,"loc":{"start":{"line":19,"column":0},"end":{"line":35,"column":1}},"locations":[{"start":{"line":19,"column":0},"end":{"line":35,"column":1}}]},"1":{"type":"branch","line":23,"loc":{"start":{"line":23,"column":20},"end":{"line":31,"column":12}},"locations":[{"start":{"line":23,"column":20},"end":{"line":31,"column":12}}]},"2":{"type":"branch","line":29,"loc":{"start":{"line":29,"column":58},"end":{"line":29,"column":86}},"locations":[{"start":{"line":29,"column":58},"end":{"line":29,"column":86}}]},"3":{"type":"branch","line":29,"loc":{"start":{"line":29,"column":63},"end":{"line":29,"column":89}},"locations":[{"start":{"line":29,"column":63},"end":{"line":29,"column":89}}]}},"b":{"0":[8],"1":[48],"2":[8],"3":[40]},"fnMap":{"0":{"name":"Playlist","decl":{"start":{"line":19,"column":0},"end":{"line":35,"column":1}},"loc":{"start":{"line":19,"column":0},"end":{"line":35,"column":1}},"line":19},"1":{"name":"onClick","decl":{"start":{"line":30,"column":19},"end":{"line":30,"column":54}},"loc":{"start":{"line":30,"column":19},"end":{"line":30,"column":54}},"line":30}},"f":{"0":8,"1":0}}
,"/home/mrktptn/atlas-react-testing/src/components/SongTitle.tsx": {"path":"/home/mrktptn/atlas-react-testing/src/components/SongTitle.tsx","all":false,"statementMap":{"0":{"start":{"line":1,"column":0},"end":{"line":1,"column":25}},"7":{"start":{"line":8,"column":0},"end":{"line":8,"column":53}},"8":{"start":{"line":9,"column":0},"end":{"line":9,"column":10}},"9":{"start":{"line":10,"column":0},"end":{"line":10,"column":9}},"10":{"start":{"line":11,"column":0},"end":{"line":11,"column":65}},"11":{"start":{"line":12,"column":0},"end":{"line":12,"column":36}},"12":{"start":{"line":13,"column":0},"end":{"line":13,"column":16}},"13":{"start":{"line":14,"column":0},"end":{"line":14,"column":10}},"14":{"start":{"line":15,"column":0},"end":{"line":15,"column":10}},"16":{"start":{"line":17,"column":0},"end":{"line":17,"column":1}},"18":{"start":{"line":19,"column":0},"end":{"line":19,"column":24}}},"s":{"0":1,"7":10,"8":10,"9":10,"10":10,"11":10,"12":10,"13":10,"14":10,"16":10,"18":1},"branchMap":{"0":{"type":"branch","line":8,"loc":{"start":{"line":8,"column":0},"end":{"line":17,"column":1}},"locations":[{"start":{"line":8,"column":0},"end":{"line":17,"column":1}}]}},"b":{"0":[10]},"fnMap":{"0":{"name":"SongTitle","decl":{"start":{"line":8,"column":0},"end":{"line":17,"column":1}},"loc":{"start":{"line":8,"column":0},"end":{"line":17,"column":1}},"line":8}},"f":{"0":10}}
,"/home/mrktptn/atlas-react-testing/src/components/VolumeControl.tsx": {"path":"/home/mrktptn/atlas-react-testing/src/components/VolumeControl.tsx","all":false,"statementMap":{"0":{"start":{"line":1,"column":0},"end":{"line":1,"column":25}},"1":{"start":{"line":2,"column":0},"end":{"line":2,"column":52}},"3":{"start":{"line":4,"column":0},"end":{"line":4,"column":29}},"4":{"start":{"line":5,"column":0},"end":{"line":5,"column":10}},"5":{"start":{"line":6,"column":0},"end":{"line":6,"column":39}},"6":{"start":{"line":7,"column":0},"end":{"line":7,"column":26}},"7":{"start":{"line":8,"column":0},"end":{"line":8,"column":63}},"8":{"start":{"line":9,"column":0},"end":{"line":9,"column":10}},"10":{"start":{"line":11,"column":0},"end":{"line":11,"column":1}},"12":{"start":{"line":13,"column":0},"end":{"line":13,"column":28}}},"s":{"0":1,"1":1,"3":1,"4":9,"5":9,"6":9,"7":9,"8":9,"10":9,"12":1},"branchMap":{"0":{"type":"branch","line":4,"loc":{"start":{"line":4,"column":22},"end":{"line":11,"column":1}},"locations":[{"start":{"line":4,"column":22},"end":{"line":11,"column":1}}]}},"b":{"0":[9]},"fnMap":{"0":{"name":"VolumeControl","decl":{"start":{"line":4,"column":22},"end":{"line":11,"column":1}},"loc":{"start":{"line":4,"column":22},"end":{"line":11,"column":1}},"line":4}},"f":{"0":9}}
,"/home/mrktptn/atlas-react-testing/src/hooks/usePlaylistData.tsx": {"path":"/home/mrktptn/atlas-react-testing/src/hooks/usePlaylistData.tsx","all":true,"statementMap":{"0":{"start":{"line":1,"column":0},"end":{"line":1,"column":44}},"11":{"start":{"line":12,"column":0},"end":{"line":12,"column":38}},"12":{"start":{"line":13,"column":0},"end":{"line":13,"column":55}},"13":{"start":{"line":14,"column":0},"end":{"line":14,"column":56}},"15":{"start":{"line":16,"column":0},"end":{"line":16,"column":19}},"16":{"start":{"line":17,"column":0},"end":{"line":17,"column":43}},"17":{"start":{"line":18,"column":0},"end":{"line":18,"column":11}},"18":{"start":{"line":19,"column":0},"end":{"line":19,"column":124}},"19":{"start":{"line":20,"column":0},"end":{"line":20,"column":27}},"20":{"start":{"line":21,"column":0},"end":{"line":21,"column":57}},"21":{"start":{"line":22,"column":0},"end":{"line":22,"column":9}},"22":{"start":{"line":23,"column":0},"end":{"line":23,"column":59}},"23":{"start":{"line":24,"column":0},"end":{"line":24,"column":22}},"24":{"start":{"line":25,"column":0},"end":{"line":25,"column":23}},"25":{"start":{"line":26,"column":0},"end":{"line":26,"column":57}},"26":{"start":{"line":27,"column":0},"end":{"line":27,"column":17}},"27":{"start":{"line":28,"column":0},"end":{"line":28,"column":26}},"28":{"start":{"line":29,"column":0},"end":{"line":29,"column":7}},"29":{"start":{"line":30,"column":0},"end":{"line":30,"column":6}},"31":{"start":{"line":32,"column":0},"end":{"line":32,"column":24}},"32":{"start":{"line":33,"column":0},"end":{"line":33,"column":9}},"34":{"start":{"line":35,"column":0},"end":{"line":35,"column":27}},"35":{"start":{"line":36,"column":0},"end":{"line":36,"column":2}}},"s":{"0":0,"11":0,"12":0,"13":0,"15":0,"16":0,"17":0,"18":0,"19":0,"20":0,"21":0,"22":0,"23":0,"24":0,"25":0,"26":0,"27":0,"28":0,"29":0,"31":0,"32":0,"34":0,"35":0},"branchMap":{"0":{"type":"branch","line":1,"loc":{"start":{"line":1,"column":924},"end":{"line":36,"column":2}},"locations":[{"start":{"line":1,"column":924},"end":{"line":36,"column":2}}]}},"b":{"0":[0]},"fnMap":{"0":{"name":"(empty-report)","decl":{"start":{"line":1,"column":924},"end":{"line":36,"column":2}},"loc":{"start":{"line":1,"column":924},"end":{"line":36,"column":2}},"line":1}},"f":{"0":0}}
}
